<?xml version="1.0" encoding="UTF-8"?>
<!-- Generated by org.testng.reporters.JUnitReportReporter -->
<testsuite hostname="DESKTOP-SLLDV25" failures="0" tests="14" name="runner.RunCucumberTest" time="46.028" errors="0" timestamp="2025-08-24T21:13:19 BRT" skipped="0">
  <testcase classname="runner.RunCucumberTest" name="runScenario" time="5.282"/>
  <testcase classname="runner.RunCucumberTest" name="runScenario" time="5.021"/>
  <testcase classname="runner.RunCucumberTest" name="runScenario" time="4.779"/>
  <testcase classname="runner.RunCucumberTest" name="runScenario" time="6.404"/>
  <testcase classname="runner.RunCucumberTest" name="runScenario" time="1.433"/>
  <testcase classname="runner.RunCucumberTest" name="runScenario" time="0.765"/>
  <testcase classname="runner.RunCucumberTest" name="runScenario" time="4.193"/>
  <testcase classname="runner.RunCucumberTest" name="runScenario" time="1.179"/>
  <testcase classname="runner.RunCucumberTest" name="runScenario" time="1.240"/>
  <testcase classname="runner.RunCucumberTest" name="runScenario" time="1.346"/>
  <testcase classname="runner.RunCucumberTest" name="runScenario" time="4.625"/>
  <testcase classname="runner.RunCucumberTest" name="runScenario" time="8.212"/>
  <testcase classname="runner.RunCucumberTest" name="runScenario" time="0.726"/>
  <testcase classname="runner.RunCucumberTest" name="runScenario" time="0.823"/>
</testsuite> <!-- runner.RunCucumberTest -->
